

================================================================
== Vitis HLS Report for 'Block_entry_split_proc'
================================================================
* Date:           Sat Sep 28 15:59:50 2024

* Version:        2024.1 (Build 5069499 on May 21 2024)
* Project:        weighted_round_robin
* Solution:       solution1 (Vivado IP Flow Target)
* Product family: zynq
* Target device:  xc7z020-clg400-1


================================================================
== Performance Estimates
================================================================
+ Timing: 
    * Summary: 
    +--------+----------+----------+------------+
    |  Clock |  Target  | Estimated| Uncertainty|
    +--------+----------+----------+------------+
    |ap_clk  |  10.00 ns|  7.300 ns|     2.70 ns|
    +--------+----------+----------+------------+

+ Latency: 
    * Summary: 
    +---------+---------+----------+----------+-----+-----+---------+
    |  Latency (cycles) |  Latency (absolute) |  Interval | Pipeline|
    |   min   |   max   |    min   |    max   | min | max |   Type  |
    +---------+---------+----------+----------+-----+-----+---------+
    |       11|      143|  0.110 us|  1.430 us|   11|  143|       no|
    +---------+---------+----------+----------+-----+-----+---------+

    + Detail: 
        * Instance: 
        +------------------------------------------------------------+-------------------------------------------------+---------+---------+----------+----------+-----+-----+-----------------------------------------------+
        |                                                            |                                                 |  Latency (cycles) |  Latency (absolute) |  Interval |                    Pipeline                   |
        |                          Instance                          |                      Module                     |   min   |   max   |    min   |    max   | min | max |                      Type                     |
        +------------------------------------------------------------+-------------------------------------------------+---------+---------+----------+----------+-----+-----+-----------------------------------------------+
        |grp_Block_entry_split_proc_Pipeline_VITIS_LOOP_29_2_fu_252  |Block_entry_split_proc_Pipeline_VITIS_LOOP_29_2  |       43|      106|  0.430 us|  1.060 us|   42|  105|  loop auto-rewind stp(delay=0 clock cycles(s))|
        +------------------------------------------------------------+-------------------------------------------------+---------+---------+----------+----------+-----+-----+-----------------------------------------------+

        * Loop: 
        N/A



================================================================
== Utilization Estimates
================================================================
* Summary: 
+-----------------+---------+-----+--------+-------+-----+
|       Name      | BRAM_18K| DSP |   FF   |  LUT  | URAM|
+-----------------+---------+-----+--------+-------+-----+
|DSP              |        -|    -|       -|      -|    -|
|Expression       |        -|    -|       0|    424|    -|
|FIFO             |        -|    -|       -|      -|    -|
|Instance         |        -|    -|     326|    439|    -|
|Memory           |        1|    -|       0|      0|    -|
|Multiplexer      |        -|    -|       0|    422|    -|
|Register         |        -|    -|     317|      -|    -|
+-----------------+---------+-----+--------+-------+-----+
|Total            |        1|    0|     643|   1285|    0|
+-----------------+---------+-----+--------+-------+-----+
|Available        |      280|  220|  106400|  53200|    0|
+-----------------+---------+-----+--------+-------+-----+
|Utilization (%)  |       ~0|    0|      ~0|      2|    0|
+-----------------+---------+-----+--------+-------+-----+

+ Detail: 
    * Instance: 
    +------------------------------------------------------------+-------------------------------------------------+---------+----+-----+-----+-----+
    |                          Instance                          |                      Module                     | BRAM_18K| DSP|  FF | LUT | URAM|
    +------------------------------------------------------------+-------------------------------------------------+---------+----+-----+-----+-----+
    |grp_Block_entry_split_proc_Pipeline_VITIS_LOOP_29_2_fu_252  |Block_entry_split_proc_Pipeline_VITIS_LOOP_29_2  |        0|   0|  326|  439|    0|
    +------------------------------------------------------------+-------------------------------------------------+---------+----+-----+-----+-----+
    |Total                                                       |                                                 |        0|   0|  326|  439|    0|
    +------------------------------------------------------------+-------------------------------------------------+---------+----+-----+-----+-----+

    * DSP: 
    N/A

    * Memory: 
    +------------+--------------------------------------------------+---------+---+----+-----+------+-----+------+-------------+
    |   Memory   |                      Module                      | BRAM_18K| FF| LUT| URAM| Words| Bits| Banks| W*Bits*Banks|
    +------------+--------------------------------------------------+---------+---+----+-----+------+-----+------+-------------+
    |counters_U  |Block_entry_split_proc_counters_RAM_1P_BRAM_1R1W  |        1|  0|   0|    0|     4|   32|     1|          128|
    +------------+--------------------------------------------------+---------+---+----+-----+------+-----+------+-------------+
    |Total       |                                                  |        1|  0|   0|    0|     4|   32|     1|          128|
    +------------+--------------------------------------------------+---------+---+----+-----+------+-----+------+-------------+

    * FIFO: 
    N/A

    * Expression: 
    +--------------------------------------+----------+----+---+----+------------+------------+
    |             Variable Name            | Operation| DSP| FF| LUT| Bitwidth P0| Bitwidth P1|
    +--------------------------------------+----------+----+---+----+------------+------------+
    |add_ln36_fu_312_p2                    |         +|   0|  0|  71|          64|          64|
    |add_ln37_fu_357_p2                    |         +|   0|  0|  39|          32|           1|
    |add_ln42_1_fu_410_p2                  |         +|   0|  0|  71|          64|           4|
    |add_ln42_2_fu_440_p2                  |         +|   0|  0|  71|          64|           4|
    |add_ln42_fu_380_p2                    |         +|   0|  0|  71|          64|           3|
    |ap_block_state21_io                   |       and|   0|  0|   2|           1|           1|
    |ap_block_state27                      |       and|   0|  0|   2|           1|           1|
    |ap_block_state34                      |       and|   0|  0|   2|           1|           1|
    |ap_block_state41                      |       and|   0|  0|   2|           1|           1|
    |ap_block_state48                      |       and|   0|  0|   2|           1|           1|
    |icmp_ln18_fu_278_p2                   |      icmp|   0|  0|  39|          32|           1|
    |icmp_ln41_1_fu_375_p2                 |      icmp|   0|  0|  11|           3|           1|
    |icmp_ln41_2_fu_405_p2                 |      icmp|   0|  0|  11|           3|           2|
    |icmp_ln41_3_fu_435_p2                 |      icmp|   0|  0|  11|           3|           2|
    |icmp_ln41_fu_340_p2                   |      icmp|   0|  0|  11|           3|           1|
    |ap_block_state1                       |        or|   0|  0|   2|           1|           1|
    |ap_predicate_op127_writeresp_state34  |        or|   0|  0|   2|           1|           1|
    |ap_predicate_op141_writeresp_state41  |        or|   0|  0|   2|           1|           1|
    |ap_predicate_op153_writeresp_state48  |        or|   0|  0|   2|           1|           1|
    +--------------------------------------+----------+----+---+----+------------+------------+
    |Total                                 |          |   0|  0| 424|         341|          92|
    +--------------------------------------+----------+----+---+----+------------+------------+

    * Multiplexer: 
    +-------------------------+-----+-----------+-----+-----------+
    |           Name          | LUT | Input Size| Bits| Total Bits|
    +-------------------------+-----+-----------+-----+-----------+
    |ap_NS_fsm                |  213|         49|    1|         49|
    |ap_done                  |    9|          2|    1|          2|
    |counters_address0        |    9|          2|    2|          4|
    |counters_address0_local  |   31|          6|    2|         12|
    |counters_ce0             |    9|          2|    1|          2|
    |counters_d0              |    9|          2|   32|         64|
    |counters_d0_local        |   14|          3|   32|         96|
    |counters_we0             |    9|          2|    1|          2|
    |current                  |    9|          2|    3|          6|
    |gmem_blk_n_AW            |    9|          2|    1|          2|
    |gmem_blk_n_B             |    9|          2|    1|          2|
    |gmem_blk_n_W             |    9|          2|    1|          2|
    |m_axi_gmem_ARVALID       |    9|          2|    1|          2|
    |m_axi_gmem_AWADDR        |   37|          7|   64|        448|
    |m_axi_gmem_AWLEN         |   14|          3|   32|         96|
    |m_axi_gmem_RREADY        |    9|          2|    1|          2|
    |m_axi_gmem_WDATA         |   14|          3|   32|         96|
    +-------------------------+-----+-----------+-----+-----------+
    |Total                    |  422|         93|  208|        887|
    +-------------------------+-----+-----------+-----+-----------+

    * Register: 
    +-------------------------------------------------------------------------+----+----+-----+-----------+
    |                                   Name                                  | FF | LUT| Bits| Const Bits|
    +-------------------------------------------------------------------------+----+----+-----+-----------+
    |ap_CS_fsm                                                                |  48|   0|   48|          0|
    |ap_done_reg                                                              |   1|   0|    1|          0|
    |current                                                                  |   3|   0|    3|          0|
    |current_load_reg_512                                                     |   3|   0|    3|          0|
    |gmem_addr_2_reg_523                                                      |  64|   0|   64|          0|
    |gmem_addr_4_reg_546                                                      |  64|   0|   64|          0|
    |gmem_addr_5_reg_556                                                      |  64|   0|   64|          0|
    |gmem_addr_6_reg_566                                                      |  64|   0|   64|          0|
    |grp_Block_entry_split_proc_Pipeline_VITIS_LOOP_29_2_fu_252_ap_start_reg  |   1|   0|    1|          0|
    |icmp_ln18_reg_508                                                        |   1|   0|    1|          0|
    |icmp_ln41_1_reg_542                                                      |   1|   0|    1|          0|
    |icmp_ln41_2_reg_552                                                      |   1|   0|    1|          0|
    |icmp_ln41_3_reg_562                                                      |   1|   0|    1|          0|
    |icmp_ln41_reg_532                                                        |   1|   0|    1|          0|
    +-------------------------------------------------------------------------+----+----+-----+-----------+
    |Total                                                                    | 317|   0|  317|          0|
    +-------------------------------------------------------------------------+----+----+-----+-----------+



================================================================
== Interface
================================================================
* Summary: 
+---------------------+-----+-----+------------+------------------------+--------------+
|      RTL Ports      | Dir | Bits|  Protocol  |      Source Object     |    C Type    |
+---------------------+-----+-----+------------+------------------------+--------------+
|ap_clk               |   in|    1|  ap_ctrl_hs|  Block_entry.split_proc|  return value|
|ap_rst               |   in|    1|  ap_ctrl_hs|  Block_entry.split_proc|  return value|
|ap_start             |   in|    1|  ap_ctrl_hs|  Block_entry.split_proc|  return value|
|ap_done              |  out|    1|  ap_ctrl_hs|  Block_entry.split_proc|  return value|
|ap_continue          |   in|    1|  ap_ctrl_hs|  Block_entry.split_proc|  return value|
|ap_idle              |  out|    1|  ap_ctrl_hs|  Block_entry.split_proc|  return value|
|ap_ready             |  out|    1|  ap_ctrl_hs|  Block_entry.split_proc|  return value|
|reset                |   in|   32|     ap_none|                   reset|        scalar|
|grant                |   in|   64|     ap_none|                   grant|        scalar|
|m_axi_gmem_AWVALID   |  out|    1|       m_axi|                    gmem|       pointer|
|m_axi_gmem_AWREADY   |   in|    1|       m_axi|                    gmem|       pointer|
|m_axi_gmem_AWADDR    |  out|   64|       m_axi|                    gmem|       pointer|
|m_axi_gmem_AWID      |  out|    1|       m_axi|                    gmem|       pointer|
|m_axi_gmem_AWLEN     |  out|   32|       m_axi|                    gmem|       pointer|
|m_axi_gmem_AWSIZE    |  out|    3|       m_axi|                    gmem|       pointer|
|m_axi_gmem_AWBURST   |  out|    2|       m_axi|                    gmem|       pointer|
|m_axi_gmem_AWLOCK    |  out|    2|       m_axi|                    gmem|       pointer|
|m_axi_gmem_AWCACHE   |  out|    4|       m_axi|                    gmem|       pointer|
|m_axi_gmem_AWPROT    |  out|    3|       m_axi|                    gmem|       pointer|
|m_axi_gmem_AWQOS     |  out|    4|       m_axi|                    gmem|       pointer|
|m_axi_gmem_AWREGION  |  out|    4|       m_axi|                    gmem|       pointer|
|m_axi_gmem_AWUSER    |  out|    1|       m_axi|                    gmem|       pointer|
|m_axi_gmem_WVALID    |  out|    1|       m_axi|                    gmem|       pointer|
|m_axi_gmem_WREADY    |   in|    1|       m_axi|                    gmem|       pointer|
|m_axi_gmem_WDATA     |  out|   32|       m_axi|                    gmem|       pointer|
|m_axi_gmem_WSTRB     |  out|    4|       m_axi|                    gmem|       pointer|
|m_axi_gmem_WLAST     |  out|    1|       m_axi|                    gmem|       pointer|
|m_axi_gmem_WID       |  out|    1|       m_axi|                    gmem|       pointer|
|m_axi_gmem_WUSER     |  out|    1|       m_axi|                    gmem|       pointer|
|m_axi_gmem_ARVALID   |  out|    1|       m_axi|                    gmem|       pointer|
|m_axi_gmem_ARREADY   |   in|    1|       m_axi|                    gmem|       pointer|
|m_axi_gmem_ARADDR    |  out|   64|       m_axi|                    gmem|       pointer|
|m_axi_gmem_ARID      |  out|    1|       m_axi|                    gmem|       pointer|
|m_axi_gmem_ARLEN     |  out|   32|       m_axi|                    gmem|       pointer|
|m_axi_gmem_ARSIZE    |  out|    3|       m_axi|                    gmem|       pointer|
|m_axi_gmem_ARBURST   |  out|    2|       m_axi|                    gmem|       pointer|
|m_axi_gmem_ARLOCK    |  out|    2|       m_axi|                    gmem|       pointer|
|m_axi_gmem_ARCACHE   |  out|    4|       m_axi|                    gmem|       pointer|
|m_axi_gmem_ARPROT    |  out|    3|       m_axi|                    gmem|       pointer|
|m_axi_gmem_ARQOS     |  out|    4|       m_axi|                    gmem|       pointer|
|m_axi_gmem_ARREGION  |  out|    4|       m_axi|                    gmem|       pointer|
|m_axi_gmem_ARUSER    |  out|    1|       m_axi|                    gmem|       pointer|
|m_axi_gmem_RVALID    |   in|    1|       m_axi|                    gmem|       pointer|
|m_axi_gmem_RREADY    |  out|    1|       m_axi|                    gmem|       pointer|
|m_axi_gmem_RDATA     |   in|   32|       m_axi|                    gmem|       pointer|
|m_axi_gmem_RLAST     |   in|    1|       m_axi|                    gmem|       pointer|
|m_axi_gmem_RID       |   in|    1|       m_axi|                    gmem|       pointer|
|m_axi_gmem_RFIFONUM  |   in|    9|       m_axi|                    gmem|       pointer|
|m_axi_gmem_RUSER     |   in|    1|       m_axi|                    gmem|       pointer|
|m_axi_gmem_RRESP     |   in|    2|       m_axi|                    gmem|       pointer|
|m_axi_gmem_BVALID    |   in|    1|       m_axi|                    gmem|       pointer|
|m_axi_gmem_BREADY    |  out|    1|       m_axi|                    gmem|       pointer|
|m_axi_gmem_BRESP     |   in|    2|       m_axi|                    gmem|       pointer|
|m_axi_gmem_BID       |   in|    1|       m_axi|                    gmem|       pointer|
|m_axi_gmem_BUSER     |   in|    1|       m_axi|                    gmem|       pointer|
|req                  |   in|   64|     ap_none|                     req|        scalar|
|weight               |   in|   64|     ap_none|                  weight|        scalar|
+---------------------+-----+-----+------------+------------------------+--------------+

